[debug] [2025-05-19T00:07:16.806Z] ----------------------------------------------------------------------
[debug] [2025-05-19T00:07:16.808Z] Command:       /opt/homebrew/Cellar/node/23.11.0/bin/node /opt/homebrew/bin/firebase deploy --only functions --debug
[debug] [2025-05-19T00:07:16.808Z] CLI Version:   14.3.1
[debug] [2025-05-19T00:07:16.809Z] Platform:      darwin
[debug] [2025-05-19T00:07:16.809Z] Node Version:  v23.11.0
[debug] [2025-05-19T00:07:16.809Z] Time:          Sun May 18 2025 19:07:16 GMT-0500 (Central Daylight Time)
[debug] [2025-05-19T00:07:16.809Z] ----------------------------------------------------------------------
[debug] 
[debug] [2025-05-19T00:07:16.879Z] > command requires scopes: ["email","openid","https://www.googleapis.com/auth/cloudplatformprojects.readonly","https://www.googleapis.com/auth/firebase","https://www.googleapis.com/auth/cloud-platform"]
[debug] [2025-05-19T00:07:16.879Z] > authorizing via signed-in user (austin@alliedleadgen.com)
[debug] [2025-05-19T00:07:16.879Z] [iam] checking project allied-advantage-automation for permissions ["cloudfunctions.functions.create","cloudfunctions.functions.delete","cloudfunctions.functions.get","cloudfunctions.functions.list","cloudfunctions.functions.update","cloudfunctions.operations.get","firebase.projects.get"]
[debug] [2025-05-19T00:07:16.879Z] Checked if tokens are valid: false, expires at: 1747612620116
[debug] [2025-05-19T00:07:16.879Z] Checked if tokens are valid: false, expires at: 1747612620116
[debug] [2025-05-19T00:07:16.880Z] > refreshing access token with scopes: []
[debug] [2025-05-19T00:07:16.880Z] >>> [apiv2][query] POST https://www.googleapis.com/oauth2/v3/token [none]
[debug] [2025-05-19T00:07:16.880Z] >>> [apiv2][body] POST https://www.googleapis.com/oauth2/v3/token [omitted]
[debug] [2025-05-19T00:07:16.995Z] <<< [apiv2][status] POST https://www.googleapis.com/oauth2/v3/token 200
[debug] [2025-05-19T00:07:16.995Z] <<< [apiv2][body] POST https://www.googleapis.com/oauth2/v3/token [omitted]
[debug] [2025-05-19T00:07:17.005Z] >>> [apiv2][query] POST https://cloudresourcemanager.googleapis.com/v1/projects/allied-advantage-automation:testIamPermissions [none]
[debug] [2025-05-19T00:07:17.006Z] >>> [apiv2][(partial)header] POST https://cloudresourcemanager.googleapis.com/v1/projects/allied-advantage-automation:testIamPermissions x-goog-quota-user=projects/allied-advantage-automation
[debug] [2025-05-19T00:07:17.006Z] >>> [apiv2][body] POST https://cloudresourcemanager.googleapis.com/v1/projects/allied-advantage-automation:testIamPermissions {"permissions":["cloudfunctions.functions.create","cloudfunctions.functions.delete","cloudfunctions.functions.get","cloudfunctions.functions.list","cloudfunctions.functions.update","cloudfunctions.operations.get","firebase.projects.get"]}
[debug] [2025-05-19T00:07:17.147Z] <<< [apiv2][status] POST https://cloudresourcemanager.googleapis.com/v1/projects/allied-advantage-automation:testIamPermissions 200
[debug] [2025-05-19T00:07:17.147Z] <<< [apiv2][body] POST https://cloudresourcemanager.googleapis.com/v1/projects/allied-advantage-automation:testIamPermissions {"permissions":["cloudfunctions.functions.create","cloudfunctions.functions.delete","cloudfunctions.functions.get","cloudfunctions.functions.list","cloudfunctions.functions.update","cloudfunctions.operations.get","firebase.projects.get"]}
[debug] [2025-05-19T00:07:17.148Z] Checked if tokens are valid: true, expires at: 1747616835995
[debug] [2025-05-19T00:07:17.148Z] Checked if tokens are valid: true, expires at: 1747616835995
[debug] [2025-05-19T00:07:17.148Z] >>> [apiv2][query] POST https://iam.googleapis.com/v1/projects/allied-advantage-automation/serviceAccounts/allied-advantage-automation@appspot.gserviceaccount.com:testIamPermissions [none]
[debug] [2025-05-19T00:07:17.148Z] >>> [apiv2][body] POST https://iam.googleapis.com/v1/projects/allied-advantage-automation/serviceAccounts/allied-advantage-automation@appspot.gserviceaccount.com:testIamPermissions {"permissions":["iam.serviceAccounts.actAs"]}
[debug] [2025-05-19T00:07:17.317Z] <<< [apiv2][status] POST https://iam.googleapis.com/v1/projects/allied-advantage-automation/serviceAccounts/allied-advantage-automation@appspot.gserviceaccount.com:testIamPermissions 200
[debug] [2025-05-19T00:07:17.318Z] <<< [apiv2][body] POST https://iam.googleapis.com/v1/projects/allied-advantage-automation/serviceAccounts/allied-advantage-automation@appspot.gserviceaccount.com:testIamPermissions {"permissions":["iam.serviceAccounts.actAs"]}
[info] 
[info] === Deploying to 'allied-advantage-automation'...
[info] 
[info] i  deploying functions 
[info] Running command: npm --prefix "$RESOURCE_DIR" run lint
[error] 
[error] Error: functions predeploy error: Command terminated with non-zero exit code 1
